<html>
<body>
<pre>
<h1>µVision Build Log</h1>
<h2>Tool Versions:</h2>
IDE-Version: ¶ÃVision V5.14.0.0
Copyright (C) 2015 ARM Ltd and ARM Germany GmbH. All rights reserved.
License Information: FKQ AA, SDS, LIC=----
 
Tool Versions:
Toolchain:       MDK-Lite  Version: 5.14.0.0
Toolchain Path:  F:\software_install_filed\keill\ARM\ARMCC\Bin
C Compiler:      Armcc.exe V5.05 update 1 (build 106)
Assembler:       Armasm.exe V5.05 update 1 (build 106)
Linker/Locator:  ArmLink.exe V5.05 update 1 (build 106)
Library Manager: ArmAr.exe V5.05 update 1 (build 106)
Hex Converter:   FromElf.exe V5.05 update 1 (build 106)
CPU DLL:         SARMCM3.DLL V5.14.0.0
Dialog DLL:      DARMSTM.DLL V1.65.0.0
Target DLL:      Segger\JL2CM3.dll V2.99.13.0
Dialog DLL:      TRMSTM.DLL
 
<h2>Project:</h2>
D:\testCode\Stm32\Stm32\1_µ„µ∆\3_PROJECT\MDK_ARM\TEMPLATE.uvprojx
Project File Date:  05/30/2018

<h2>Output:</h2>
Rebuild target 'Target 1'
assembling startup_stm32f10x_hd.s...
compiling main.c...
..\..\2_DRIVE\exit.h(19): warning:  #1-D: last line of file ends without a newline
        //5.ÁºñÂÜô‰∏≠Êñ≠ÊúçÂä°„Ä?                                ^
..\main.c(67): warning:  #223-D: function "KEY_Scan" declared implicitly
                        switch(KEY_Scan(1))
..\main.c(71): error:  #20: identifier "KEY_LEFT" is undefined
                                case KEY_LEFT:
..\main.c(75): error:  #20: identifier "KEY_DOWN" is undefined
                                case KEY_DOWN:
..\main.c(79): error:  #20: identifier "KEY_RIGHT" is undefined
                                case KEY_RIGHT:
..\main.c(83): error:  #20: identifier "KEY_UP" is undefined
                                case KEY_UP:
..\main.c(43): warning:  #177-D: variable "time" was declared but never referenced
        u16 len,time;
..\main.c: 3 warnings, 4 errors
compiling led.c...
compiling key.c...
compiling exit.c...
..\..\2_DRIVE\exit.h(19): warning:  #1-D: last line of file ends without a newline
        //5.ÁºñÂÜô‰∏≠Êñ≠ÊúçÂä°„Ä?                                ^
..\..\2_DRIVE\exit.c(53): error:  #165: too few arguments in function call
        Ex_NVIC_Config();
..\..\2_DRIVE\exit.c(54): warning:  #1-D: last line of file ends without a newline
  }
..\..\2_DRIVE\exit.c: 2 warnings, 1 error
compiling sys.c...
compiling delay.c...
compiling usart.c...
".\Objects\TEMPLATE.axf" - 5 Error(s), 5 Warning(s).

<h2>Collection of Component include folders:</h2>
  D:\testCode\Stm32\Stm32\1_µ„µ∆\3_PROJECT\MDK_ARM\RTE
  F:\software_install_filed\keill\ARM\PACK\Keil\STM32F1xx_DFP\1.0.5\Device\Include

<h2>Collection of Component Files used:</h2>
Target not created.
</pre>
</body>
</html>
